<?xml version="1.0" encoding="UTF-8"?>
<!-- Generated by org.testng.reporters.JUnitReportReporter -->
<testsuite skipped="0" hostname="bittechs-imac-4.lan" name="com.bit.test.RegressionTest" tests="2" failures="0" timestamp="2020-12-12T14:28:21 EST" time="6.267" errors="2">
  <testcase name="BuyAPants" time="3.776" classname="com.bit.test.RegressionTest">
    <error type="org.openqa.selenium.SessionNotCreatedException" message="session not created: This version of ChromeDriver only supports Chrome version 75
Build info: version: &#039;3.141.59&#039;, revision: &#039;e82be7d358&#039;, time: &#039;2018-11-14T08:17:03&#039;
System info: host: &#039;bittechs-imac-4.lan&#039;, ip: &#039;192.168.86.38&#039;, os.name: &#039;Mac OS X&#039;, os.arch: &#039;x86_64&#039;, os.version: &#039;10.10.5&#039;, java.version: &#039;1.8.0_201&#039;
Driver info: driver.version: ChromeDriver
remote stacktrace: 0   chromedriver                        0x00000001021808e9 chromedriver + 3594473
1   chromedriver                        0x0000000102110543 chromedriver + 3134787
2   chromedriver                        0x0000000101ebc29f chromedriver + 692895
3   chromedriver                        0x0000000101e2a72b chromedriver + 96043
4   chromedriver                        0x0000000101e267d8 chromedriver + 79832
5   chromedriver                        0x0000000101e526db chromedriver + 259803
6   chromedriver                        0x0000000101e4fd13 chromedriver + 249107
7   chromedriver                        0x0000000101e2c78a chromedriver + 104330
8   chromedriver                        0x0000000101e2d7d5 chromedriver + 108501
9   chromedriver                        0x000000010213f555 chromedriver + 3327317
10  chromedriver                        0x000000010214ae60 chromedriver + 3374688
11  chromedriver                        0x000000010214abf8 chromedriver + 3374072
12  chromedriver                        0x000000010211ed39 chromedriver + 3194169
13  chromedriver                        0x000000010214b6d8 chromedriver + 3376856
14  chromedriver                        0x0000000102132f27 chromedriver + 3276583
15  chromedriver                        0x0000000102168064 chromedriver + 3493988
16  chromedriver                        0x0000000102186617 chromedriver + 3618327
17  libsystem_pthread.dylib             0x00007fff93d9505a _pthread_body + 131
18  libsystem_pthread.dylib             0x00007fff93d94fd7 _pthread_body + 0
19  libsystem_pthread.dylib             0x00007fff93d923ed thread_start + 13
">
      <![CDATA[org.openqa.selenium.SessionNotCreatedException: session not created: This version of ChromeDriver only supports Chrome version 75
Build info: version: '3.141.59', revision: 'e82be7d358', time: '2018-11-14T08:17:03'
System info: host: 'bittechs-imac-4.lan', ip: '192.168.86.38', os.name: 'Mac OS X', os.arch: 'x86_64', os.version: '10.10.5', java.version: '1.8.0_201'
Driver info: driver.version: ChromeDriver
remote stacktrace: 0   chromedriver                        0x00000001021808e9 chromedriver + 3594473
1   chromedriver                        0x0000000102110543 chromedriver + 3134787
2   chromedriver                        0x0000000101ebc29f chromedriver + 692895
3   chromedriver                        0x0000000101e2a72b chromedriver + 96043
4   chromedriver                        0x0000000101e267d8 chromedriver + 79832
5   chromedriver                        0x0000000101e526db chromedriver + 259803
6   chromedriver                        0x0000000101e4fd13 chromedriver + 249107
7   chromedriver                        0x0000000101e2c78a chromedriver + 104330
8   chromedriver                        0x0000000101e2d7d5 chromedriver + 108501
9   chromedriver                        0x000000010213f555 chromedriver + 3327317
10  chromedriver                        0x000000010214ae60 chromedriver + 3374688
11  chromedriver                        0x000000010214abf8 chromedriver + 3374072
12  chromedriver                        0x000000010211ed39 chromedriver + 3194169
13  chromedriver                        0x000000010214b6d8 chromedriver + 3376856
14  chromedriver                        0x0000000102132f27 chromedriver + 3276583
15  chromedriver                        0x0000000102168064 chromedriver + 3493988
16  chromedriver                        0x0000000102186617 chromedriver + 3618327
17  libsystem_pthread.dylib             0x00007fff93d9505a _pthread_body + 131
18  libsystem_pthread.dylib             0x00007fff93d94fd7 _pthread_body + 0
19  libsystem_pthread.dylib             0x00007fff93d923ed thread_start + 13

at sun.reflect.NativeConstructorAccessorImpl.newInstance0(Native Method)
at sun.reflect.NativeConstructorAccessorImpl.newInstance(NativeConstructorAccessorImpl.java:62)
at sun.reflect.DelegatingConstructorAccessorImpl.newInstance(DelegatingConstructorAccessorImpl.java:45)
at java.lang.reflect.Constructor.newInstance(Constructor.java:423)
at org.openqa.selenium.remote.W3CHandshakeResponse.lambda$errorHandler$0(W3CHandshakeResponse.java:62)
at org.openqa.selenium.remote.HandshakeResponse.lambda$getResponseFunction$0(HandshakeResponse.java:30)
at org.openqa.selenium.remote.ProtocolHandshake.lambda$createSession$0(ProtocolHandshake.java:126)
at java.util.stream.ReferencePipeline$3$1.accept(ReferencePipeline.java:193)
at java.util.Spliterators$ArraySpliterator.tryAdvance(Spliterators.java:958)
at java.util.stream.ReferencePipeline.forEachWithCancel(ReferencePipeline.java:126)
at java.util.stream.AbstractPipeline.copyIntoWithCancel(AbstractPipeline.java:498)
at java.util.stream.AbstractPipeline.copyInto(AbstractPipeline.java:485)
at java.util.stream.AbstractPipeline.wrapAndCopyInto(AbstractPipeline.java:471)
at java.util.stream.FindOps$FindOp.evaluateSequential(FindOps.java:152)
at java.util.stream.AbstractPipeline.evaluate(AbstractPipeline.java:234)
at java.util.stream.ReferencePipeline.findFirst(ReferencePipeline.java:464)
at org.openqa.selenium.remote.ProtocolHandshake.createSession(ProtocolHandshake.java:128)
at org.openqa.selenium.remote.ProtocolHandshake.createSession(ProtocolHandshake.java:74)
at org.openqa.selenium.remote.HttpCommandExecutor.execute(HttpCommandExecutor.java:136)
at org.openqa.selenium.remote.service.DriverCommandExecutor.execute(DriverCommandExecutor.java:83)
at org.openqa.selenium.remote.RemoteWebDriver.execute(RemoteWebDriver.java:552)
at org.openqa.selenium.remote.RemoteWebDriver.startSession(RemoteWebDriver.java:213)
at org.openqa.selenium.remote.RemoteWebDriver.<init>(RemoteWebDriver.java:131)
at org.openqa.selenium.chrome.ChromeDriver.<init>(ChromeDriver.java:181)
at org.openqa.selenium.chrome.ChromeDriver.<init>(ChromeDriver.java:168)
at org.openqa.selenium.chrome.ChromeDriver.<init>(ChromeDriver.java:123)
at com.bit.test.RegressionTest.BuyAPants(RegressionTest.java:21)
at sun.reflect.NativeMethodAccessorImpl.invoke0(Native Method)
at sun.reflect.NativeMethodAccessorImpl.invoke(NativeMethodAccessorImpl.java:62)
at sun.reflect.DelegatingMethodAccessorImpl.invoke(DelegatingMethodAccessorImpl.java:43)
at java.lang.reflect.Method.invoke(Method.java:498)
at org.testng.internal.MethodInvocationHelper.invokeMethod(MethodInvocationHelper.java:132)
at org.testng.internal.TestInvoker.invokeMethod(TestInvoker.java:599)
at org.testng.internal.TestInvoker.invokeTestMethod(TestInvoker.java:174)
at org.testng.internal.MethodRunner.runInSequence(MethodRunner.java:46)
at org.testng.internal.TestInvoker$MethodInvocationAgent.invoke(TestInvoker.java:822)
at org.testng.internal.TestInvoker.invokeTestMethods(TestInvoker.java:147)
at org.testng.internal.TestMethodWorker.invokeTestMethods(TestMethodWorker.java:146)
at org.testng.internal.TestMethodWorker.run(TestMethodWorker.java:128)
at java.util.ArrayList.forEach(ArrayList.java:1257)
at org.testng.TestRunner.privateRun(TestRunner.java:764)
at org.testng.TestRunner.run(TestRunner.java:585)
at org.testng.SuiteRunner.runTest(SuiteRunner.java:384)
at org.testng.SuiteRunner.runSequentially(SuiteRunner.java:378)
at org.testng.SuiteRunner.privateRun(SuiteRunner.java:337)
at org.testng.SuiteRunner.run(SuiteRunner.java:286)
at org.testng.SuiteRunnerWorker.runSuite(SuiteRunnerWorker.java:53)
at org.testng.SuiteRunnerWorker.run(SuiteRunnerWorker.java:96)
at org.testng.TestNG.runSuitesSequentially(TestNG.java:1218)
at org.testng.TestNG.runSuitesLocally(TestNG.java:1140)
at org.testng.TestNG.runSuites(TestNG.java:1069)
at org.testng.TestNG.run(TestNG.java:1037)
at org.testng.remote.AbstractRemoteTestNG.run(AbstractRemoteTestNG.java:115)
at org.testng.remote.RemoteTestNG.initAndRun(RemoteTestNG.java:251)
at org.testng.remote.RemoteTestNG.main(RemoteTestNG.java:77)
]]>
    </error>
  </testcase> <!-- BuyAPants -->
  <system-out/>
  <testcase name="buyAShirt" time="2.491" classname="com.bit.test.RegressionTest">
    <error type="org.openqa.selenium.SessionNotCreatedException" message="session not created: This version of ChromeDriver only supports Chrome version 75
Build info: version: &#039;3.141.59&#039;, revision: &#039;e82be7d358&#039;, time: &#039;2018-11-14T08:17:03&#039;
System info: host: &#039;bittechs-imac-4.lan&#039;, ip: &#039;192.168.86.38&#039;, os.name: &#039;Mac OS X&#039;, os.arch: &#039;x86_64&#039;, os.version: &#039;10.10.5&#039;, java.version: &#039;1.8.0_201&#039;
Driver info: driver.version: ChromeDriver
remote stacktrace: 0   chromedriver                        0x0000000104cd78e9 chromedriver + 3594473
1   chromedriver                        0x0000000104c67543 chromedriver + 3134787
2   chromedriver                        0x0000000104a1329f chromedriver + 692895
3   chromedriver                        0x000000010498172b chromedriver + 96043
4   chromedriver                        0x000000010497d7d8 chromedriver + 79832
5   chromedriver                        0x00000001049a96db chromedriver + 259803
6   chromedriver                        0x00000001049a6d13 chromedriver + 249107
7   chromedriver                        0x000000010498378a chromedriver + 104330
8   chromedriver                        0x00000001049847d5 chromedriver + 108501
9   chromedriver                        0x0000000104c96555 chromedriver + 3327317
10  chromedriver                        0x0000000104ca1e60 chromedriver + 3374688
11  chromedriver                        0x0000000104ca1bf8 chromedriver + 3374072
12  chromedriver                        0x0000000104c75d39 chromedriver + 3194169
13  chromedriver                        0x0000000104ca26d8 chromedriver + 3376856
14  chromedriver                        0x0000000104c89f27 chromedriver + 3276583
15  chromedriver                        0x0000000104cbf064 chromedriver + 3493988
16  chromedriver                        0x0000000104cdd617 chromedriver + 3618327
17  libsystem_pthread.dylib             0x00007fff93d9505a _pthread_body + 131
18  libsystem_pthread.dylib             0x00007fff93d94fd7 _pthread_body + 0
19  libsystem_pthread.dylib             0x00007fff93d923ed thread_start + 13
">
      <![CDATA[org.openqa.selenium.SessionNotCreatedException: session not created: This version of ChromeDriver only supports Chrome version 75
Build info: version: '3.141.59', revision: 'e82be7d358', time: '2018-11-14T08:17:03'
System info: host: 'bittechs-imac-4.lan', ip: '192.168.86.38', os.name: 'Mac OS X', os.arch: 'x86_64', os.version: '10.10.5', java.version: '1.8.0_201'
Driver info: driver.version: ChromeDriver
remote stacktrace: 0   chromedriver                        0x0000000104cd78e9 chromedriver + 3594473
1   chromedriver                        0x0000000104c67543 chromedriver + 3134787
2   chromedriver                        0x0000000104a1329f chromedriver + 692895
3   chromedriver                        0x000000010498172b chromedriver + 96043
4   chromedriver                        0x000000010497d7d8 chromedriver + 79832
5   chromedriver                        0x00000001049a96db chromedriver + 259803
6   chromedriver                        0x00000001049a6d13 chromedriver + 249107
7   chromedriver                        0x000000010498378a chromedriver + 104330
8   chromedriver                        0x00000001049847d5 chromedriver + 108501
9   chromedriver                        0x0000000104c96555 chromedriver + 3327317
10  chromedriver                        0x0000000104ca1e60 chromedriver + 3374688
11  chromedriver                        0x0000000104ca1bf8 chromedriver + 3374072
12  chromedriver                        0x0000000104c75d39 chromedriver + 3194169
13  chromedriver                        0x0000000104ca26d8 chromedriver + 3376856
14  chromedriver                        0x0000000104c89f27 chromedriver + 3276583
15  chromedriver                        0x0000000104cbf064 chromedriver + 3493988
16  chromedriver                        0x0000000104cdd617 chromedriver + 3618327
17  libsystem_pthread.dylib             0x00007fff93d9505a _pthread_body + 131
18  libsystem_pthread.dylib             0x00007fff93d94fd7 _pthread_body + 0
19  libsystem_pthread.dylib             0x00007fff93d923ed thread_start + 13

at sun.reflect.NativeConstructorAccessorImpl.newInstance0(Native Method)
at sun.reflect.NativeConstructorAccessorImpl.newInstance(NativeConstructorAccessorImpl.java:62)
at sun.reflect.DelegatingConstructorAccessorImpl.newInstance(DelegatingConstructorAccessorImpl.java:45)
at java.lang.reflect.Constructor.newInstance(Constructor.java:423)
at org.openqa.selenium.remote.W3CHandshakeResponse.lambda$errorHandler$0(W3CHandshakeResponse.java:62)
at org.openqa.selenium.remote.HandshakeResponse.lambda$getResponseFunction$0(HandshakeResponse.java:30)
at org.openqa.selenium.remote.ProtocolHandshake.lambda$createSession$0(ProtocolHandshake.java:126)
at java.util.stream.ReferencePipeline$3$1.accept(ReferencePipeline.java:193)
at java.util.Spliterators$ArraySpliterator.tryAdvance(Spliterators.java:958)
at java.util.stream.ReferencePipeline.forEachWithCancel(ReferencePipeline.java:126)
at java.util.stream.AbstractPipeline.copyIntoWithCancel(AbstractPipeline.java:498)
at java.util.stream.AbstractPipeline.copyInto(AbstractPipeline.java:485)
at java.util.stream.AbstractPipeline.wrapAndCopyInto(AbstractPipeline.java:471)
at java.util.stream.FindOps$FindOp.evaluateSequential(FindOps.java:152)
at java.util.stream.AbstractPipeline.evaluate(AbstractPipeline.java:234)
at java.util.stream.ReferencePipeline.findFirst(ReferencePipeline.java:464)
at org.openqa.selenium.remote.ProtocolHandshake.createSession(ProtocolHandshake.java:128)
at org.openqa.selenium.remote.ProtocolHandshake.createSession(ProtocolHandshake.java:74)
at org.openqa.selenium.remote.HttpCommandExecutor.execute(HttpCommandExecutor.java:136)
at org.openqa.selenium.remote.service.DriverCommandExecutor.execute(DriverCommandExecutor.java:83)
at org.openqa.selenium.remote.RemoteWebDriver.execute(RemoteWebDriver.java:552)
at org.openqa.selenium.remote.RemoteWebDriver.startSession(RemoteWebDriver.java:213)
at org.openqa.selenium.remote.RemoteWebDriver.<init>(RemoteWebDriver.java:131)
at org.openqa.selenium.chrome.ChromeDriver.<init>(ChromeDriver.java:181)
at org.openqa.selenium.chrome.ChromeDriver.<init>(ChromeDriver.java:168)
at org.openqa.selenium.chrome.ChromeDriver.<init>(ChromeDriver.java:123)
at com.bit.test.RegressionTest.buyAShirt(RegressionTest.java:13)
at sun.reflect.NativeMethodAccessorImpl.invoke0(Native Method)
at sun.reflect.NativeMethodAccessorImpl.invoke(NativeMethodAccessorImpl.java:62)
at sun.reflect.DelegatingMethodAccessorImpl.invoke(DelegatingMethodAccessorImpl.java:43)
at java.lang.reflect.Method.invoke(Method.java:498)
at org.testng.internal.MethodInvocationHelper.invokeMethod(MethodInvocationHelper.java:132)
at org.testng.internal.TestInvoker.invokeMethod(TestInvoker.java:599)
at org.testng.internal.TestInvoker.invokeTestMethod(TestInvoker.java:174)
at org.testng.internal.MethodRunner.runInSequence(MethodRunner.java:46)
at org.testng.internal.TestInvoker$MethodInvocationAgent.invoke(TestInvoker.java:822)
at org.testng.internal.TestInvoker.invokeTestMethods(TestInvoker.java:147)
at org.testng.internal.TestMethodWorker.invokeTestMethods(TestMethodWorker.java:146)
at org.testng.internal.TestMethodWorker.run(TestMethodWorker.java:128)
at java.util.ArrayList.forEach(ArrayList.java:1257)
at org.testng.TestRunner.privateRun(TestRunner.java:764)
at org.testng.TestRunner.run(TestRunner.java:585)
at org.testng.SuiteRunner.runTest(SuiteRunner.java:384)
at org.testng.SuiteRunner.runSequentially(SuiteRunner.java:378)
at org.testng.SuiteRunner.privateRun(SuiteRunner.java:337)
at org.testng.SuiteRunner.run(SuiteRunner.java:286)
at org.testng.SuiteRunnerWorker.runSuite(SuiteRunnerWorker.java:53)
at org.testng.SuiteRunnerWorker.run(SuiteRunnerWorker.java:96)
at org.testng.TestNG.runSuitesSequentially(TestNG.java:1218)
at org.testng.TestNG.runSuitesLocally(TestNG.java:1140)
at org.testng.TestNG.runSuites(TestNG.java:1069)
at org.testng.TestNG.run(TestNG.java:1037)
at org.testng.remote.AbstractRemoteTestNG.run(AbstractRemoteTestNG.java:115)
at org.testng.remote.RemoteTestNG.initAndRun(RemoteTestNG.java:251)
at org.testng.remote.RemoteTestNG.main(RemoteTestNG.java:77)
]]>
    </error>
  </testcase> <!-- buyAShirt -->
  <system-out/>
</testsuite> <!-- com.bit.test.RegressionTest -->
