<!DOCTYPE html PUBLIC "-//W3C//DTD XHTML 1.1//EN" "https://www.w3.org/TR/xhtml11/DTD/xhtml11.dtd">
<html xmlns="https://www.w3.org/1999/xhtml">
<head>
<meta http-equiv="content-type" content="text/html; charset=UTF-8"/>
<title>TestNG Report</title>
<style type="text/css">table {margin-bottom:10px;border-collapse:collapse;empty-cells:show}th,td {border:1px solid #009;padding:.25em .5em}th {vertical-align:bottom}td {vertical-align:top}table a {font-weight:bold}.stripe td {background-color: #E6EBF9}.num {text-align:right}.passedodd td {background-color: #3F3}.passedeven td {background-color: #0A0}.skippedodd td {background-color: #DDD}.skippedeven td {background-color: #CCC}.failedodd td,.attn {background-color: #F33}.failedeven td,.stripe .attn {background-color: #D00}.stacktrace {white-space:pre;font-family:monospace}.totop {font-size:85%;text-align:center;border-bottom:2px solid #000}.invisible {display:none}</style>
</head>
<body>
<table>
<tr><th>Test</th><th># Passed</th><th># Skipped</th><th># Retried</th><th># Failed</th><th>Time (ms)</th><th>Included Groups</th><th>Excluded Groups</th></tr>
<tr><th colspan="8">smoke</th></tr>
<tr><td><a href="#t0">coreTest</a></td><td class="num">1</td><td class="num">0</td><td class="num">0</td><td class="num">0</td><td class="num">38</td><td></td><td></td></tr>
<tr class="stripe"><td><a href="#t1">coreTest1</a></td><td class="num">0</td><td class="num">0</td><td class="num">0</td><td class="num attn">2</td><td class="num">6,274</td><td></td><td></td></tr>
<tr><th>Total</th><th class="num">1</th><th class="num">0</th><th class="num">0</th><th class="num attn">2</th><th class="num">6,312</th><th colspan="2"></th></tr>
</table>
<table id='summary'><thead><tr><th>Class</th><th>Method</th><th>Start</th><th>Time (ms)</th></tr></thead><tbody><tr><th colspan="4">smoke</th></tr></tbody><tbody id="t0"><tr><th colspan="4">coreTest &#8212; passed</th></tr><tr class="passedeven"><td rowspan="1">com.bit.test.SmokeTest</td><td><a href="#m0">test1</a></td><td rowspan="1">1607801295640</td><td rowspan="1">7</td></tr></tbody>
<tbody id="t1"><tr><th colspan="4">coreTest1 &#8212; failed</th></tr><tr class="failedeven"><td rowspan="2">com.bit.test.RegressionTest</td><td><a href="#m1">BuyAPants</a></td><td rowspan="1">1607801295685</td><td rowspan="1">3776</td></tr><tr class="failedeven"><td><a href="#m2">buyAShirt</a></td><td rowspan="1">1607801299464</td><td rowspan="1">2491</td></tr></tbody>
</table>
<h2>coreTest</h2><h3 id="m0">com.bit.test.SmokeTest#test1</h3><table class="result"><tr class="param"><th>Parameter #1</th><th>Parameter #2</th></tr><tr class="param stripe"><td>chrome</td><td>http://www.facebook.com</td></tr></table><p class="totop"><a href="#summary">back to summary</a></p>
<h2>coreTest1</h2><h3 id="m1">com.bit.test.RegressionTest#BuyAPants</h3><table class="result"><tr><th>Exception</th></tr><tr><td><div class="stacktrace">org.openqa.selenium.SessionNotCreatedException: session not created: This version of ChromeDriver only supports Chrome version 75
Build info: version: &apos;3.141.59&apos;, revision: &apos;e82be7d358&apos;, time: &apos;2018-11-14T08:17:03&apos;
System info: host: &apos;bittechs-imac-4.lan&apos;, ip: &apos;192.168.86.38&apos;, os.name: &apos;Mac OS X&apos;, os.arch: &apos;x86_64&apos;, os.version: &apos;10.10.5&apos;, java.version: &apos;1.8.0_201&apos;
Driver info: driver.version: ChromeDriver
remote stacktrace: 0   chromedriver                        0x00000001021808e9 chromedriver + 3594473
1   chromedriver                        0x0000000102110543 chromedriver + 3134787
2   chromedriver                        0x0000000101ebc29f chromedriver + 692895
3   chromedriver                        0x0000000101e2a72b chromedriver + 96043
4   chromedriver                        0x0000000101e267d8 chromedriver + 79832
5   chromedriver                        0x0000000101e526db chromedriver + 259803
6   chromedriver                        0x0000000101e4fd13 chromedriver + 249107
7   chromedriver                        0x0000000101e2c78a chromedriver + 104330
8   chromedriver                        0x0000000101e2d7d5 chromedriver + 108501
9   chromedriver                        0x000000010213f555 chromedriver + 3327317
10  chromedriver                        0x000000010214ae60 chromedriver + 3374688
11  chromedriver                        0x000000010214abf8 chromedriver + 3374072
12  chromedriver                        0x000000010211ed39 chromedriver + 3194169
13  chromedriver                        0x000000010214b6d8 chromedriver + 3376856
14  chromedriver                        0x0000000102132f27 chromedriver + 3276583
15  chromedriver                        0x0000000102168064 chromedriver + 3493988
16  chromedriver                        0x0000000102186617 chromedriver + 3618327
17  libsystem_pthread.dylib             0x00007fff93d9505a _pthread_body + 131
18  libsystem_pthread.dylib             0x00007fff93d94fd7 _pthread_body + 0
19  libsystem_pthread.dylib             0x00007fff93d923ed thread_start + 13

	at org.openqa.selenium.remote.W3CHandshakeResponse.lambda$errorHandler$0(W3CHandshakeResponse.java:62)
	at org.openqa.selenium.remote.HandshakeResponse.lambda$getResponseFunction$0(HandshakeResponse.java:30)
	at org.openqa.selenium.remote.ProtocolHandshake.lambda$createSession$0(ProtocolHandshake.java:126)
	at java.util.stream.ReferencePipeline$3$1.accept(ReferencePipeline.java:193)
	at java.util.Spliterators$ArraySpliterator.tryAdvance(Spliterators.java:958)
	at java.util.stream.ReferencePipeline.forEachWithCancel(ReferencePipeline.java:126)
	at java.util.stream.AbstractPipeline.copyIntoWithCancel(AbstractPipeline.java:498)
	at java.util.stream.AbstractPipeline.copyInto(AbstractPipeline.java:485)
	at java.util.stream.AbstractPipeline.wrapAndCopyInto(AbstractPipeline.java:471)
	at java.util.stream.FindOps$FindOp.evaluateSequential(FindOps.java:152)
	at java.util.stream.AbstractPipeline.evaluate(AbstractPipeline.java:234)
	at java.util.stream.ReferencePipeline.findFirst(ReferencePipeline.java:464)
	at org.openqa.selenium.remote.ProtocolHandshake.createSession(ProtocolHandshake.java:128)
	at org.openqa.selenium.remote.ProtocolHandshake.createSession(ProtocolHandshake.java:74)
	at org.openqa.selenium.remote.HttpCommandExecutor.execute(HttpCommandExecutor.java:136)
	at org.openqa.selenium.remote.service.DriverCommandExecutor.execute(DriverCommandExecutor.java:83)
	at org.openqa.selenium.remote.RemoteWebDriver.execute(RemoteWebDriver.java:552)
	at org.openqa.selenium.remote.RemoteWebDriver.startSession(RemoteWebDriver.java:213)
	at org.openqa.selenium.remote.RemoteWebDriver.&lt;init&gt;(RemoteWebDriver.java:131)
	at org.openqa.selenium.chrome.ChromeDriver.&lt;init&gt;(ChromeDriver.java:181)
	at org.openqa.selenium.chrome.ChromeDriver.&lt;init&gt;(ChromeDriver.java:168)
	at org.openqa.selenium.chrome.ChromeDriver.&lt;init&gt;(ChromeDriver.java:123)
	at com.bit.test.RegressionTest.BuyAPants(RegressionTest.java:21)
	at java.util.ArrayList.forEach(ArrayList.java:1257)
... Removed 31 stack frames</div></td></tr></table><p class="totop"><a href="#summary">back to summary</a></p>
<h3 id="m2">com.bit.test.RegressionTest#buyAShirt</h3><table class="result"><tr><th>Exception</th></tr><tr><td><div class="stacktrace">org.openqa.selenium.SessionNotCreatedException: session not created: This version of ChromeDriver only supports Chrome version 75
Build info: version: &apos;3.141.59&apos;, revision: &apos;e82be7d358&apos;, time: &apos;2018-11-14T08:17:03&apos;
System info: host: &apos;bittechs-imac-4.lan&apos;, ip: &apos;192.168.86.38&apos;, os.name: &apos;Mac OS X&apos;, os.arch: &apos;x86_64&apos;, os.version: &apos;10.10.5&apos;, java.version: &apos;1.8.0_201&apos;
Driver info: driver.version: ChromeDriver
remote stacktrace: 0   chromedriver                        0x0000000104cd78e9 chromedriver + 3594473
1   chromedriver                        0x0000000104c67543 chromedriver + 3134787
2   chromedriver                        0x0000000104a1329f chromedriver + 692895
3   chromedriver                        0x000000010498172b chromedriver + 96043
4   chromedriver                        0x000000010497d7d8 chromedriver + 79832
5   chromedriver                        0x00000001049a96db chromedriver + 259803
6   chromedriver                        0x00000001049a6d13 chromedriver + 249107
7   chromedriver                        0x000000010498378a chromedriver + 104330
8   chromedriver                        0x00000001049847d5 chromedriver + 108501
9   chromedriver                        0x0000000104c96555 chromedriver + 3327317
10  chromedriver                        0x0000000104ca1e60 chromedriver + 3374688
11  chromedriver                        0x0000000104ca1bf8 chromedriver + 3374072
12  chromedriver                        0x0000000104c75d39 chromedriver + 3194169
13  chromedriver                        0x0000000104ca26d8 chromedriver + 3376856
14  chromedriver                        0x0000000104c89f27 chromedriver + 3276583
15  chromedriver                        0x0000000104cbf064 chromedriver + 3493988
16  chromedriver                        0x0000000104cdd617 chromedriver + 3618327
17  libsystem_pthread.dylib             0x00007fff93d9505a _pthread_body + 131
18  libsystem_pthread.dylib             0x00007fff93d94fd7 _pthread_body + 0
19  libsystem_pthread.dylib             0x00007fff93d923ed thread_start + 13

	at org.openqa.selenium.remote.W3CHandshakeResponse.lambda$errorHandler$0(W3CHandshakeResponse.java:62)
	at org.openqa.selenium.remote.HandshakeResponse.lambda$getResponseFunction$0(HandshakeResponse.java:30)
	at org.openqa.selenium.remote.ProtocolHandshake.lambda$createSession$0(ProtocolHandshake.java:126)
	at java.util.stream.ReferencePipeline$3$1.accept(ReferencePipeline.java:193)
	at java.util.Spliterators$ArraySpliterator.tryAdvance(Spliterators.java:958)
	at java.util.stream.ReferencePipeline.forEachWithCancel(ReferencePipeline.java:126)
	at java.util.stream.AbstractPipeline.copyIntoWithCancel(AbstractPipeline.java:498)
	at java.util.stream.AbstractPipeline.copyInto(AbstractPipeline.java:485)
	at java.util.stream.AbstractPipeline.wrapAndCopyInto(AbstractPipeline.java:471)
	at java.util.stream.FindOps$FindOp.evaluateSequential(FindOps.java:152)
	at java.util.stream.AbstractPipeline.evaluate(AbstractPipeline.java:234)
	at java.util.stream.ReferencePipeline.findFirst(ReferencePipeline.java:464)
	at org.openqa.selenium.remote.ProtocolHandshake.createSession(ProtocolHandshake.java:128)
	at org.openqa.selenium.remote.ProtocolHandshake.createSession(ProtocolHandshake.java:74)
	at org.openqa.selenium.remote.HttpCommandExecutor.execute(HttpCommandExecutor.java:136)
	at org.openqa.selenium.remote.service.DriverCommandExecutor.execute(DriverCommandExecutor.java:83)
	at org.openqa.selenium.remote.RemoteWebDriver.execute(RemoteWebDriver.java:552)
	at org.openqa.selenium.remote.RemoteWebDriver.startSession(RemoteWebDriver.java:213)
	at org.openqa.selenium.remote.RemoteWebDriver.&lt;init&gt;(RemoteWebDriver.java:131)
	at org.openqa.selenium.chrome.ChromeDriver.&lt;init&gt;(ChromeDriver.java:181)
	at org.openqa.selenium.chrome.ChromeDriver.&lt;init&gt;(ChromeDriver.java:168)
	at org.openqa.selenium.chrome.ChromeDriver.&lt;init&gt;(ChromeDriver.java:123)
	at com.bit.test.RegressionTest.buyAShirt(RegressionTest.java:13)
	at java.util.ArrayList.forEach(ArrayList.java:1257)
... Removed 31 stack frames</div></td></tr></table><p class="totop"><a href="#summary">back to summary</a></p>
</body>
</html>
